#------------------------------------------------------------------------------
# irace: An implementation in R of (Elitist) Iterated Racing
# Version: 3.5.6863679
# Copyright (C) 2010-2020
# Manuel Lopez-Ibanez     <manuel.lopez-ibanez@manchester.ac.uk>
# Jeremie Dubois-Lacoste  
# Leslie Perez Caceres    <leslie.perez.caceres@ulb.ac.be>
#
# This is free software, and you are welcome to redistribute it under certain
# conditions.  See the GNU General Public License for details. There is NO
# WARRANTY; not even for MERCHANTABILITY or FITNESS FOR A PARTICULAR PURPOSE.
#
# irace builds upon previous code from the race package:
#     race: Racing methods for the selection of the best
#     Copyright (C) 2003 Mauro Birattari
#------------------------------------------------------------------------------
# installed at: /home/emily/R/x86_64-pc-linux-gnu-library/4.3/irace
# called with: 
== irace == WARNING: A default scenario file '/home/emily/Documentos/ufal/Pibic/submitions/Periodic-CMSA/tuning/scenario.txt' has been found and will be read.
# 2024-01-28 19:23:44 -03: 2 expression(s) specifying forbidden configurations read from '/home/emily/Documentos/ufal/Pibic/submitions/Periodic-CMSA/tuning/forbidden.txt'
# Read 1 configuration(s) from file '/home/emily/Documentos/ufal/Pibic/submitions/Periodic-CMSA/tuning/configurations.txt'
# 2024-01-28 19:23:44 -03: Initialization
# Elitist race
# Elitist new instances: 1
# Elitist limit: 2
# nbIterations: 4
# minNbSurvival: 4
# nbParameters: 5
# seed: 1084328262
# confidence level: 0.95
# budget: 10000
# mu: 5
# deterministic: FALSE

# 2024-01-28 19:23:44 -03: Iteration 1 of 4
# experimentsUsedSoFar: 0
# remainingBudget: 10000
# currentBudget: 2500
# nbConfigurations: 416
# Markers:
     x No test is performed.
     c Configurations are discarded only due to capping.
     - The test is performed and some configurations are discarded.
     = The test is performed but no configuration is discarded.
     ! The test is performed and configurations could be discarded but elite configurations are preserved.
     . All alive configurations are elite and nothing is discarded

+-+-----------+-----------+-----------+----------------+-----------+--------+-----+----+------+
| |   Instance|      Alive|       Best|       Mean best| Exp so far|  W time|  rho|KenW|  Qvar|
+-+-----------+-----------+-----------+----------------+-----------+--------+-----+----+------+
|x|          1|        416|          1|     72.00000000|        416|00:00:20|   NA|  NA|    NA|
|x|          2|        416|         77|     120.5000000|        832|00:10:44|-0.01|0.50|0.9957|
|x|          3|        416|        251|     3026.000000|       1248|02:19:08|-0.05|0.30|1.0704|
|x|          4|        416|        251|     3363.250000|       1664|01:13:34|+0.06|0.30|0.9904|
|=|          5|        416|        277|     2710.400000|       2080|00:00:43|+0.03|0.22|0.9843|
|-|          6|        179|        202|     2822.000000|       2496|02:02:02|-0.08|0.10|1.0858|
+-+-----------+-----------+-----------+----------------+-----------+--------+-----+----+------+
Best-so-far configuration:         202    mean value:      2822.000000
Description of the best-so-far configuration:
    .ID.   tILP  tPROP    aLB   aUB   aRED .PARENT.
202  202 2.4092 0.1313 0.1044 0.436 0.7719       NA

# 2024-01-29 01:10:19 -03: Elite configurations (first number is the configuration ID; listed from best to worst according to the sum of ranks):
      tILP  tPROP    aLB    aUB   aRED
202 2.4092 0.1313 0.1044 0.4360 0.7719
277 2.7660 0.4945 0.3105 0.8107 0.9564
105 2.2802 0.8831 0.4572 0.5264 0.8153
264 2.4909 0.1865 0.2405 0.9472 0.9650
# 2024-01-29 01:10:19 -03: Iteration 2 of 4
# experimentsUsedSoFar: 2496
# remainingBudget: 7504
# currentBudget: 2501
# nbConfigurations: 360
# Markers:
     x No test is performed.
     c Configurations are discarded only due to capping.
     - The test is performed and some configurations are discarded.
     = The test is performed but no configuration is discarded.
     ! The test is performed and configurations could be discarded but elite configurations are preserved.
     . All alive configurations are elite and nothing is discarded

+-+-----------+-----------+-----------+----------------+-----------+--------+-----+----+------+
| |   Instance|      Alive|       Best|       Mean best| Exp so far|  W time|  rho|KenW|  Qvar|
+-+-----------+-----------+-----------+----------------+-----------+--------+-----+----+------+
|x|          7|        360|        202|     863.0000000|        360|00:22:00|   NA|  NA|    NA|
|x|          6|        360|        202|     2121.000000|        716|02:04:41|+0.09|0.55|1.0026|
|x|          2|        360|        493|     1470.333333|       1072|00:14:24|+0.10|0.40|0.9336|
|x|          4|        360|        202|     2196.750000|       1428|01:19:44|+0.08|0.31|0.8082|
|-|          5|        241|        202|     1777.000000|       1784|00:00:36|-0.08|0.13|1.0828|
|=|          1|        241|        202|     1492.833333|       2021|00:00:11|-0.06|0.12|1.0457|
|=|          3|        241|        442|     2541.857143|       2258|01:59:32|-0.02|0.12|1.0256|
|=|          8|        241|        442|     2242.250000|       2499|00:00:41|-0.02|0.11|1.0138|
+-+-----------+-----------+-----------+----------------+-----------+--------+-----+----+------+
Best-so-far configuration:         442    mean value:      2242.250000
Description of the best-so-far configuration:
    .ID.   tILP  tPROP    aLB    aUB   aRED .PARENT.
442  442 2.4094 0.8316 0.6025 0.6792 0.9338      105

# 2024-01-29 07:12:12 -03: Elite configurations (first number is the configuration ID; listed from best to worst according to the sum of ranks):
      tILP  tPROP    aLB    aUB   aRED
442 2.4094 0.8316 0.6025 0.6792 0.9338
441 2.7210 0.4167 0.5289 0.8655 0.9198
612 2.8162 0.5207 0.2916 0.9868 0.9912
202 2.4092 0.1313 0.1044 0.4360 0.7719
# 2024-01-29 07:12:12 -03: Iteration 3 of 4
# experimentsUsedSoFar: 4995
# remainingBudget: 5005
# currentBudget: 2502
# nbConfigurations: 281
# Markers:
     x No test is performed.
     c Configurations are discarded only due to capping.
     - The test is performed and some configurations are discarded.
     = The test is performed but no configuration is discarded.
     ! The test is performed and configurations could be discarded but elite configurations are preserved.
     . All alive configurations are elite and nothing is discarded

+-+-----------+-----------+-----------+----------------+-----------+--------+-----+----+------+
| |   Instance|      Alive|       Best|       Mean best| Exp so far|  W time|  rho|KenW|  Qvar|
+-+-----------+-----------+-----------+----------------+-----------+--------+-----+----+------+
|x|          9|        281|        824|     4374.000000|        281|01:07:43|   NA|  NA|    NA|
|x|          7|        281|        824|     2618.500000|        558|00:17:39|+0.03|0.52|1.0411|
|x|          8|        281|        612|     1794.000000|        835|00:00:39|-0.07|0.28|1.0665|
|x|          6|        281|        961|     2190.250000|       1112|01:27:11|-0.02|0.24|1.0399|
|=|          3|        281|        961|     3519.400000|       1389|02:41:37|-0.02|0.18|1.0162|
|=|          2|        281|        884|     2961.333333|       1666|00:12:42|+0.01|0.17|0.9871|
|=|          4|        281|        888|     3163.285714|       1943|01:07:14|-0.00|0.14|0.9754|
|=|          1|        281|        888|     2776.875000|       2220|00:00:15|-0.00|0.12|0.9768|
|=|          5|        281|        888|     2479.222222|       2497|00:00:27|+0.00|0.11|0.9761|
+-+-----------+-----------+-----------+----------------+-----------+--------+-----+----+------+
Best-so-far configuration:         888    mean value:      2479.222222
Description of the best-so-far configuration:
    .ID.   tILP  tPROP   aLB    aUB   aRED .PARENT.
888  888 2.5618 0.5413 0.292 0.9906 0.9405      612

# 2024-01-29 14:07:44 -03: Elite configurations (first number is the configuration ID; listed from best to worst according to the sum of ranks):
       tILP  tPROP    aLB    aUB   aRED
888  2.5618 0.5413 0.2920 0.9906 0.9405
442  2.4094 0.8316 0.6025 0.6792 0.9338
441  2.7210 0.4167 0.5289 0.8655 0.9198
1029 2.6380 0.3476 0.5131 0.8661 0.9579
# 2024-01-29 14:07:44 -03: Iteration 4 of 4
# experimentsUsedSoFar: 7492
# remainingBudget: 2508
# currentBudget: 2508
# nbConfigurations: 254
# Markers:
     x No test is performed.
     c Configurations are discarded only due to capping.
     - The test is performed and some configurations are discarded.
     = The test is performed but no configuration is discarded.
     ! The test is performed and configurations could be discarded but elite configurations are preserved.
     . All alive configurations are elite and nothing is discarded

+-+-----------+-----------+-----------+----------------+-----------+--------+-----+----+------+
| |   Instance|      Alive|       Best|       Mean best| Exp so far|  W time|  rho|KenW|  Qvar|
+-+-----------+-----------+-----------+----------------+-----------+--------+-----+----+------+
|x|         10|        254|        888|     72.00000000|        254|00:00:13|   NA|  NA|    NA|
|x|          7|        254|       1085|     467.0000000|        504|00:15:54|-0.04|0.48|1.0388|
|x|          6|        254|        442|     1438.000000|        754|01:12:08|-0.00|0.33|1.0346|
|x|          8|        254|       1052|     1114.500000|       1004|00:00:34|+0.06|0.29|0.9607|
|=|          3|        254|       1166|     2658.800000|       1254|02:28:31|+0.03|0.22|0.9649|
|=|          9|        254|       1052|     2945.000000|       1504|01:01:30|+0.00|0.17|0.9692|
|=|          1|        254|       1052|     2534.571429|       1754|00:00:13|+0.01|0.15|0.9683|
|=|          5|        254|       1052|     2230.000000|       2004|00:00:26|+0.02|0.14|0.9672|
|=|          4|        254|       1195|     2468.333333|       2254|01:00:56|+0.01|0.12|0.9714|
|=|          2|        254|       1195|     2238.400000|       2504|00:10:43|+0.02|0.11|0.9722|
+-+-----------+-----------+-----------+----------------+-----------+--------+-----+----+------+
Best-so-far configuration:        1195    mean value:      2238.400000
Description of the best-so-far configuration:
     .ID.   tILP  tPROP   aLB    aUB   aRED .PARENT.
1195 1195 2.5928 0.5596 0.295 0.9872 0.9981      888

# 2024-01-29 20:18:58 -03: Elite configurations (first number is the configuration ID; listed from best to worst according to the sum of ranks):
       tILP  tPROP    aLB    aUB   aRED
1195 2.5928 0.5596 0.2950 0.9872 0.9981
1064 2.5351 0.5426 0.2894 0.9927 0.9385
888  2.5618 0.5413 0.2920 0.9906 0.9405
1204 2.5239 0.5444 0.2727 0.9897 0.9326
# 2024-01-29 20:18:58 -03: Stopped because there is not enough budget left to race more than the minimum (4)
# You may either increase the budget or set 'minNbSurvival' to a lower value
# Iteration: 5
# nbIterations: 5
# experimentsUsedSoFar: 9996
# timeUsed: 0
# remainingBudget: 4
# currentBudget: 4
# number of elites: 4
# nbConfigurations: 4
# Total CPU user time: 225787.3, CPU sys time: 1700.601, Wall-clock time: 89714.15
# Best configurations (first number is the configuration ID; listed from best to worst according to the sum of ranks):
       tILP  tPROP    aLB    aUB   aRED
1195 2.5928 0.5596 0.2950 0.9872 0.9981
1064 2.5351 0.5426 0.2894 0.9927 0.9385
888  2.5618 0.5413 0.2920 0.9906 0.9405
1204 2.5239 0.5444 0.2727 0.9897 0.9326
# Best configurations as commandlines (first number is the configuration ID; same order as above):
1195  -tILP 2.5928 -tPROP 0.5596 -aLB 0.295 -aUB 0.9872 -aRED 0.9981
1064  -tILP 2.5351 -tPROP 0.5426 -aLB 0.2894 -aUB 0.9927 -aRED 0.9385
888   -tILP 2.5618 -tPROP 0.5413 -aLB 0.292 -aUB 0.9906 -aRED 0.9405
1204  -tILP 2.5239 -tPROP 0.5444 -aLB 0.2727 -aUB 0.9897 -aRED 0.9326


# Testing of elite configurations: 1 
# Testing iteration configurations: FALSE 
# 2024-01-29 20:18:58 -03: No test instances, skip testing
Warning messages:
1: In readLines(con = file) :
  linha final incompleta encontrada em '/home/emily/Documentos/ufal/Pibic/submitions/Periodic-CMSA/tuning/parameters.txt'
2: In read.table(filename, header = TRUE, colClasses = "character",  :
  incomplete final line found by readTableHeader on '/home/emily/Documentos/ufal/Pibic/submitions/Periodic-CMSA/tuning/configurations.txt'